2024-11-19T14:45:07.543Z [ctureModificationListener$Companion.initForProject] INFO ProjectStructureModificationListener is init for project TestGo3
2024-11-19T14:45:07.546Z [s.AiToolwindowsInitializer.reinitializeToolWindows] INFO AI state ENABLED
2024-11-19T14:45:07.548Z [nfrastructureApiService.createInfrastructureFacade] INFO isInfrastructureDebug: false
2024-11-19T14:45:07.548Z [nfrastructureApiService.createInfrastructureFacade] INFO Use port: 50862
2024-11-19T14:45:07.549Z [.services.HeavyInfrastructureApiService.initialize] INFO Plugin context initialized
2024-11-19T14:45:07.550Z [itializeManager$initializeAnalyzer$1.invokeSuspend] INFO initializing infrastructure
2024-11-19T14:45:07.648Z [intellij.services.AiInitializeManager.initializeAI] INFO IntelliJ listens web server on port: 63342
2024-11-19T14:45:07.717Z [y.aiintellij.ui.panels.AIToolWindowLogPanel.<init>] INFO initializing a logs panel
2024-11-19T14:45:07.775Z [y.aiintellij.ui.panels.AIToolWindowLogPanel.<init>] INFO initializing a logs panel
2024-11-19T14:45:10.639Z [initializeInfrastructureInstance$1$1.invokeSuspend] INFO Infrastructure initialized
2024-11-19T14:45:11.061Z [y.aiintellij.utils.logging.AiProjectLogger.cleanUp] INFO Clean up logs files was started
2024-11-19T14:45:11.065Z [y.aiintellij.utils.logging.AiProjectLogger.cleanUp] INFO Clean up logs files was finished
2024-11-19T14:45:13.131Z [tellij.services.PluginProjectService.createProject] INFO Project created
2024-11-19T14:45:13.379Z [sistantNotificationService.onAssistantNotification] INFO TipsAvailabilityChanged notification is received by assistant
2024-11-19T14:45:13.382Z [ices.aie.AieInitializer$initialize$1.invokeSuspend] INFO AIE integration isn't initialized, skipping listeners initialization
2024-11-19T14:45:13.383Z [sistantNotificationService.onAssistantNotification] INFO QuickFixTipsUpdated notification is received by assistant
2024-11-19T14:45:13.503Z [els.AIToolWindowLogPanel.reloadAdditionalLogPanels] INFO reloading additional log panels
2024-11-19T14:45:13.503Z [els.AIToolWindowLogPanel.reloadAdditionalLogPanels] INFO not in developer mode, skipping
2024-11-19T14:45:13.516Z [sistantNotificationService.onAssistantNotification] INFO TipsAvailabilityChanged notification is received by assistant
2024-11-19T14:45:13.532Z [sistantNotificationService.onAssistantNotification] INFO QuickFixTipsUpdated notification is received by assistant
